<?xml version="1.0"?>
<!--Phoronix Test Suite v8.0.0m0-->
<PhoronixTestSuite>
  <TestInformation>
    <Title>Euler3D</Title>
    <Description>The STARS Euler3d CFD benchmark is using an AGARD 445.6 aeroelastic test wing for this computational fluid dynamics test.</Description>
    <ResultScale>Hz</ResultScale>
    <Proportion>HIB</Proportion>
    <SubTitle>CFD Cycle Frequency</SubTitle>
    <TimesToRun>3</TimesToRun>
  </TestInformation>
  <TestProfile>
    <Version>1.0.0</Version>
    <SupportedPlatforms>Windows</SupportedPlatforms>
    <SoftwareType>Benchmark</SoftwareType>
    <TestType>System</TestType>
    <License>Non-Free</License>
    <Status>Verified</Status>
    <EnvironmentSize>36</EnvironmentSize>
    <ProjectURL>http://www.caselab.okstate.edu/research/euler3dbenchmark.html</ProjectURL>
    <Maintainer>Michael Larabel</Maintainer>
  </TestProfile>
</PhoronixTestSuite>
