<?xml version="1.0"?>
<!--Phoronix Test Suite v10.8.5-->
<PhoronixTestSuite>
  <TestInformation>
    <Title>GROMACS</Title>
    <Description>The GROMACS (GROningen MAchine for Chemical Simulations) molecular dynamics package testing with the water_GMX50 data. This system/gromacs test profile relies on the OS provided GROMACS (gmx_mpi) package as opposed to the existing pts/gromacs test profile that builds the same version from the upstream source code.</Description>
    <ResultScale>Ns Per Day</ResultScale>
    <Proportion>HIB</Proportion>
    <SubTitle>Water Benchmark</SubTitle>
    <TimesToRun>3</TimesToRun>
  </TestInformation>
  <TestProfile>
    <Version>1.0.0</Version>
    <SupportedPlatforms>Linux, BSD, MacOSX</SupportedPlatforms>
    <SoftwareType>Benchmark</SoftwareType>
    <TestType>System</TestType>
    <License>Free</License>
    <Status>Verified</Status>
    <ExternalDependencies>openmpi-development</ExternalDependencies>
    <EnvironmentSize>1100</EnvironmentSize>
    <ProjectURL>https://www.gromacs.org/</ProjectURL>
    <RepositoryURL>https://github.com/gromacs/gromacs</RepositoryURL>
    <InternalTags>SMP, MPI</InternalTags>
    <Maintainer>Michael Larabel</Maintainer>
    <SystemDependencies>gmx_mpi</SystemDependencies>
  </TestProfile>
  <TestSettings>
    <Option>
      <DisplayName>Input</DisplayName>
      <Identifier>input</Identifier>
      <Menu>
        <Entry>
          <Name>water_GMX50_bare</Name>
          <Value>water-cut1.0_GMX50_bare/1536</Value>
        </Entry>
      </Menu>
    </Option>
  </TestSettings>
</PhoronixTestSuite>
