<?xml version="1.0"?>
<!--Phoronix Test Suite v4.4.0m1 (Forsand)-->
<PhoronixTestSuite>
  <TestInformation>
    <Title>SuperTuxKart</Title>
    <AppVersion>0.8</AppVersion>
    <Description>This is a test of SuperTuxKart, which is an open-source racing game. This game uses PLIB, SDL, OpenAL, and other technologies.</Description>
    <ResultScale>Frames Per Second</ResultScale>
    <Proportion>HIB</Proportion>
    <TimesToRun>3</TimesToRun>
  </TestInformation>
  <TestProfile>
    <Version>1.1.0</Version>
    <SupportedPlatforms>Linux</SupportedPlatforms>
    <SoftwareType>Game</SoftwareType>
    <TestType>Graphics</TestType>
    <License>Free</License>
    <Status>Verified</Status>
    <SupportedArchitectures>x86, x86_64</SupportedArchitectures>
    <ExternalDependencies>glut, glew, openal-development</ExternalDependencies>
    <EnvironmentSize>225</EnvironmentSize>
    <ProjectURL>http://supertuxkart.sourceforge.net/</ProjectURL>
    <Maintainer>Michael Larabel</Maintainer>
  </TestProfile>
  <TestSettings>
    <Default>
      <Arguments>--profile-time=60 --kart tux --track snowtuxpeak --numkarts 8 --fullscreen --animations=2 --gfx=1 --renderer 1</Arguments>
    </Default>
    <Option>
      <DisplayName>Resolution</DisplayName>
      <Identifier>auto-resolution</Identifier>
      <Menu>
        <Entry>
          <Name>$VIDEO_WIDTH x $VIDEO_HEIGHT</Name>
          <Value>--screensize $VIDEO_WIDTHx$VIDEO_HEIGHT</Value>
        </Entry>
      </Menu>
    </Option>
  </TestSettings>
</PhoronixTestSuite>
