<?xml version="1.0"?>
<!--Phoronix Test Suite v10.8.5-->
<PhoronixTestSuite>
  <TestInformation>
    <Title>SuperTuxKart</Title>
    <AppVersion>1.5 Beta 1</AppVersion>
    <Description>This is a test of SuperTuxKart, an open-source racing game. The engine, Antarctica, is a highly modified version of Irrlicht and uses OpenGL 3.1+. Bullet is used for physics. Sound is provided by OpenAL.</Description>
    <ResultScale>Frames Per Second</ResultScale>
    <Proportion>HIB</Proportion>
    <TimesToRun>3</TimesToRun>
  </TestInformation>
  <TestProfile>
    <Version>1.7.0</Version>
    <SupportedPlatforms>Linux, MacOSX</SupportedPlatforms>
    <SoftwareType>Game</SoftwareType>
    <TestType>Graphics</TestType>
    <License>Free</License>
    <Status>Verified</Status>
    <SupportedArchitectures>x86_64</SupportedArchitectures>
    <RequiresDisplay>TRUE</RequiresDisplay>
    <EnvironmentSize>1170</EnvironmentSize>
    <ProjectURL>https://supertuxkart.net/</ProjectURL>
    <Maintainer>Michael Larabel</Maintainer>
  </TestProfile>
  <TestSettings>
    <Default>
      <Arguments>--benchmark --unlock-all --xmas=2 --easter=2 --no-sound --fullscreen</Arguments>
    </Default>
    <Option>
      <DisplayName>Resolution</DisplayName>
      <Identifier>auto-resolution</Identifier>
      <Menu>
        <Entry>
          <Name>$VIDEO_WIDTH x $VIDEO_HEIGHT</Name>
          <Value>--screensize=$VIDEO_WIDTHx$VIDEO_HEIGHT</Value>
        </Entry>
      </Menu>
    </Option>
    <Option>
      <DisplayName>Graphics Effects</DisplayName>
      <Identifier>gfx-level</Identifier>
      <Menu>
        <Entry>
          <Name>Low</Name>
          <Value>--enable-glow --disable-bloom --disable-light-shaft --disable-dof --enable-motion-blur --disable-mlaa --disable-ssao --disable-ibl --disable-hd-textures --enable-dynamic-lights --anisotropic=4 --shadows=0</Value>
        </Entry>
        <Entry>
          <Name>Medium</Name>
          <Value>--enable-glow --enable-bloom --disable-light-shaft --disable-dof --enable-motion-blur --enable-mlaa --enable-ssao --enable-ibl --disable-hd-textures --enable-dynamic-lights --anisotropic=4 --shadows=0</Value>
        </Entry>
        <Entry>
          <Name>High</Name>
          <Value>--enable-glow --enable-bloom --enable-light-shaft --enable-dof --enable-motion-blur --enable-mlaa --enable-ssao --enable-ibl --enable-hd-textures --enable-dynamic-lights --anisotropic=16 --shadows=512</Value>
        </Entry>
        <Entry>
          <Name>Ultimate</Name>
          <Value>--enable-glow --enable-bloom --enable-light-shaft --enable-dof --enable-motion-blur --enable-mlaa --enable-ssao --enable-ibl --enable-hd-textures --enable-dynamic-lights --anisotropic=16 --shadows=1024</Value>
        </Entry>
      </Menu>
    </Option>
    <Option>
      <DisplayName>Renderer</DisplayName>
      <Identifier>renderer</Identifier>
      <Menu>
        <Entry>
          <Name>OpenGL</Name>
          <Value>--render-driver=gl</Value>
        </Entry>
        <Entry>
          <Name>Vulkan</Name>
          <Value>--render-driver=vulkan</Value>
        </Entry>
      </Menu>
    </Option>
  </TestSettings>
</PhoronixTestSuite>
