<?xml version="1.0"?>
<!--Phoronix Test Suite v10.8.5-->
<PhoronixTestSuite>
  <TestInformation>
    <Title>CP2K Molecular Dynamics</Title>
    <AppVersion>2024.3</AppVersion>
    <Description>CP2K is an open-source molecular dynamics software package focused on quantum chemistry and solid-state physics. More details on the CP2K benchmark test cases and details can be found @ https://www.cp2k.org/performance</Description>
    <ResultScale>Seconds</ResultScale>
    <Proportion>LIB</Proportion>
    <TimesToRun>3</TimesToRun>
  </TestInformation>
  <TestProfile>
    <Version>1.5.0</Version>
    <SupportedPlatforms>Linux</SupportedPlatforms>
    <SoftwareType>Benchmark</SoftwareType>
    <TestType>Processor</TestType>
    <License>Free</License>
    <Status>Verified</Status>
    <SupportedArchitectures>x86_64</SupportedArchitectures>
    <ExternalDependencies>build-utilities, blas-development, python, fortran-compiler, openmpi-development, cmake, hdf5</ExternalDependencies>
    <EnvironmentSize>244</EnvironmentSize>
    <ProjectURL>https://www.cp2k.org/</ProjectURL>
    <RepositoryURL>https://github.com/cp2k/cp2k</RepositoryURL>
    <InternalTags>SMP</InternalTags>
    <Maintainer>Michael Larabel</Maintainer>
  </TestProfile>
  <TestSettings>
    <Option>
      <DisplayName>Input</DisplayName>
      <Identifier>input</Identifier>
      <ArgumentPrefix>-i </ArgumentPrefix>
      <Menu>
        <Entry>
          <Name>Fayalite-FIST</Name>
          <Value>benchmarks/Fayalite-FIST/fayalite.inp</Value>
        </Entry>
        <Entry>
          <Name>H20-64</Name>
          <Value>benchmarks/QS/H2O-64.inp</Value>
        </Entry>
        <Entry>
          <Name>H20-256</Name>
          <Value>benchmarks/QS/H2O-256.inp</Value>
        </Entry>
      </Menu>
    </Option>
  </TestSettings>
</PhoronixTestSuite>
