<?xml version="1.0"?>
<!--Phoronix Test Suite v3.0.0a3 (Iveland) [ http://www.phoronix-test-suite.com/ ]-->
<PhoronixTestSuite>
  <TestInformation>
    <Title>Timed ImageMagick Compilation</Title>
    <AppVersion>6.6.3-4</AppVersion>
    <Description>This test times how long it takes to build ImageMagick.</Description>
    <ResultScale>Seconds</ResultScale>
    <Proportion>LIB</Proportion>
    <SubTitle>Time To Compile</SubTitle>
    <Executable>time-compile-imagemagick</Executable>
  </TestInformation>
  <TestProfile>
    <Version>1.5.1</Version>
    <SupportedPlatforms>Linux, MacOSX, BSD</SupportedPlatforms>
    <SoftwareType>Utility</SoftwareType>
    <TestType>Processor</TestType>
    <License>Free</License>
    <Status>Verified</Status>
    <ExternalDependencies>build-utilities, perl</ExternalDependencies>
    <ProjectURL>http://www.imagemagick.org/</ProjectURL>
    <InternalTags>SMP</InternalTags>
    <Maintainer>Michael Larabel</Maintainer>
  </TestProfile>
</PhoronixTestSuite>
