<?xml version="1.0"?>
<!--Phoronix Test Suite v7.4.0m1-->
<PhoronixTestSuite>
  <TestInformation>
    <Title>FFmpeg</Title>
    <AppVersion>3.3.3</AppVersion>
    <Description>This test uses FFmpeg for testing the system's audio/video encoding performance.</Description>
    <ResultScale>Seconds</ResultScale>
    <Proportion>LIB</Proportion>
    <SubTitle>H.264 HD To NTSC DV</SubTitle>
    <TimesToRun>3</TimesToRun>
  </TestInformation>
  <TestProfile>
    <Version>2.6.0</Version>
    <SupportedPlatforms>Linux, BSD, Solaris, MacOSX</SupportedPlatforms>
    <SoftwareType>Utility</SoftwareType>
    <TestType>Processor</TestType>
    <License>Free</License>
    <Status>Verified</Status>
    <ExternalDependencies>build-utilities, yasm</ExternalDependencies>
    <EnvironmentSize>372</EnvironmentSize>
    <ProjectURL>http://ffmpeg.org/</ProjectURL>
    <Maintainer>Michael Larabel</Maintainer>
  </TestProfile>
</PhoronixTestSuite>
