<?xml version="1.0"?>
<!--Phoronix Test Suite v3.4.0m2 (Lillesand)-->
<PhoronixTestSuite>
  <TestInformation>
    <Title>Warsow</Title>
    <AppVersion>0.61</AppVersion>
    <Description>This is a benchmark of Warsow, a popular open-source first-person shooter. This game uses the QFusion engine.</Description>
    <ResultScale>Frames Per Second</ResultScale>
    <Proportion>HIB</Proportion>
    <TimesToRun>3</TimesToRun>
  </TestInformation>
  <TestProfile>
    <Version>1.3.1</Version>
    <SupportedPlatforms>MacOSX, Linux, Windows</SupportedPlatforms>
    <SoftwareType>Game</SoftwareType>
    <TestType>Graphics</TestType>
    <License>Free</License>
    <Status>Verified</Status>
    <SupportedArchitectures>x86, x86_64</SupportedArchitectures>
    <ExternalDependencies>curl</ExternalDependencies>
    <EnvironmentSize>502</EnvironmentSize>
    <ProjectURL>http://www.warsow.net/</ProjectURL>
    <Maintainer>Michael Larabel</Maintainer>
  </TestProfile>
  <TestSettings>
    <Default>
      <Arguments>+logconsole pts-log +exec profiles/gfx_high.cfg +timedemo 1 +cl_checkForUpdate 0 +demo pts-demo +next "quit" +r_mode -1</Arguments>
      <PostArguments>+vid_restart</PostArguments>
    </Default>
    <Option>
      <DisplayName>Resolution</DisplayName>
      <Identifier>auto-resolution</Identifier>
      <Menu>
        <Entry>
          <Name>$VIDEO_WIDTH x $VIDEO_HEIGHT</Name>
          <Value>+vid_customwidth $VIDEO_WIDTH +vid_customheight $VIDEO_HEIGHT</Value>
        </Entry>
      </Menu>
    </Option>
  </TestSettings>
</PhoronixTestSuite>
