<?xml version="1.0"?>
<!--Phoronix Test Suite v4.8.4 (Sokndal)-->
<PhoronixTestSuite>
  <TestInformation>
    <Title>Counter-Strike Source</Title>
    <Description>This is a benchmark of Valve's Counter-Strike: Source game. The test profile assumes you have a Steam account, have Steam installed for the system, and that Counter-Strike: Source is already installed. This automates the process of executing the game and using a standardized time demo.</Description>
    <ResultScale>Frames Per Second</ResultScale>
    <Proportion>HIB</Proportion>
    <TimesToRun>3</TimesToRun>
    <PreInstallMessage>This test profile assumes you have the Valve Steam client already installed for your operating system / distribution and that it's installed to the standard path. Your Steam account must also be active and the game already installed.</PreInstallMessage>
  </TestInformation>
  <TestProfile>
    <Version>1.0.0</Version>
    <SupportedPlatforms>Linux</SupportedPlatforms>
    <SoftwareType>Game</SoftwareType>
    <TestType>Graphics</TestType>
    <License>Free</License>
    <Status>Unverified</Status>
    <SupportedArchitectures>x86, x86_64</SupportedArchitectures>
    <EnvironmentSize>2</EnvironmentSize>
    <ProjectURL>http://store.steampowered.com/app/240/</ProjectURL>
    <Maintainer>Michael Larabel</Maintainer>
  </TestProfile>
  <TestSettings>
    <Option>
      <DisplayName>Resolution</DisplayName>
      <Identifier>auto-resolution</Identifier>
      <Menu>
        <Entry>
          <Name>$VIDEO_WIDTH x $VIDEO_HEIGHT</Name>
          <Value>-w $VIDEO_WIDTH -h $VIDEO_HEIGHT</Value>
        </Entry>
      </Menu>
    </Option>
  </TestSettings>
</PhoronixTestSuite>
