<?xml version="1.0"?>
<!--Phoronix Test Suite v8.0.0m1-->
<PhoronixTestSuite>
  <TestInformation>
    <Title>OctaneBench</Title>
    <AppVersion>3.06.2</AppVersion>
    <Description>OctaneBench is a test of the OctaneRender on the GPU and requires the use of NVIDIA CUDA.</Description>
    <ResultScale>Score</ResultScale>
    <Proportion>HIB</Proportion>
    <SubTitle>Total Score</SubTitle>
    <TimesToRun>3</TimesToRun>
  </TestInformation>
  <TestProfile>
    <Version>1.1.1</Version>
    <SupportedPlatforms>Linux, Windows</SupportedPlatforms>
    <SoftwareType>Utility</SoftwareType>
    <TestType>Graphics</TestType>
    <License>Non-Free</License>
    <Status>Verified</Status>
    <SupportedArchitectures>x86_64</SupportedArchitectures>
    <EnvironmentSize>255</EnvironmentSize>
    <ProjectURL>https://render.otoy.com/octanebench/</ProjectURL>
    <InternalTags>CUDA</InternalTags>
    <Maintainer>Michael Larabel</Maintainer>
  </TestProfile>
</PhoronixTestSuite>
