<?xml version="1.0"?>
<!--Phoronix Test Suite v4.8.0m2 (Sokndal)-->
<PhoronixTestSuite>
  <TestInformation>
    <Title>Unvanquished</Title>
    <AppVersion>Alpha 17</AppVersion>
    <Description>Unvanquished is a modern fork of the Tremulous first person shooter. Unvanquished is powered by the Daemon engine, a combination of the ioquake3 engine with the graphically-beautiful XreaL engine. Unvanquished supports a modern OpenGL 3 renderer and other advanced graphics features for this open-source game.</Description>
    <ResultScale>Frames Per Second</ResultScale>
    <Proportion>HIB</Proportion>
    <TimesToRun>3</TimesToRun>
  </TestInformation>
  <TestProfile>
    <Version>1.0.2</Version>
    <SupportedPlatforms>Linux, MacOSX, Windows</SupportedPlatforms>
    <SoftwareType>Game</SoftwareType>
    <TestType>Graphics</TestType>
    <License>Free</License>
    <Status>Verified</Status>
    <SupportedArchitectures>x86, x86_64</SupportedArchitectures>
    <EnvironmentSize>777</EnvironmentSize>
    <ProjectURL>http://www.unvanquished.net/</ProjectURL>
    <Maintainer>Michael Larabel</Maintainer>
  </TestProfile>
  <TestSettings>
    <Default>
      <Arguments>+exec pts +timedemo 1 +set demodone "quit" +set demoloop1 "demo pts1; set nextdemo vstr demodone" +vstr demoloop1 +set r_fullscreen 1 +set com_speeds 1</Arguments>
      <PostArguments>+glsl_restart +vid_restart</PostArguments>
    </Default>
    <Option>
      <DisplayName>Resolution</DisplayName>
      <Identifier>auto-resolution</Identifier>
      <Menu>
        <Entry>
          <Name>$VIDEO_WIDTH x $VIDEO_HEIGHT</Name>
          <Value>+set r_customwidth $VIDEO_WIDTH +set r_customheight $VIDEO_HEIGHT</Value>
        </Entry>
      </Menu>
    </Option>
  </TestSettings>
</PhoronixTestSuite>
