<?xml version="1.0"?>
<!--Phoronix Test Suite v8.6.0m1-->
<PhoronixTestSuite>
  <TestInformation>
    <Title>LeelaChessZero</Title>
    <AppVersion>0.20.1</AppVersion>
    <Description>LeelaChessZero (lc0 / lczero) is a chess engine automated vian neural networks. This test profile currently is just designed for testing the program's OpenCL back-end.</Description>
    <ResultScale>Nodes Per Second</ResultScale>
    <Proportion>HIB</Proportion>
    <TimesToRun>3</TimesToRun>
  </TestInformation>
  <TestProfile>
    <Version>1.0.0</Version>
    <SupportedPlatforms>Linux</SupportedPlatforms>
    <SoftwareType>Benchmark</SoftwareType>
    <TestType>Processor</TestType>
    <License>Free</License>
    <Status>Verified</Status>
    <ExternalDependencies>build-utilities, blas-development, opencl, meson</ExternalDependencies>
    <EnvironmentSize>1005</EnvironmentSize>
    <ProjectURL>http://github.com/LeelaChessZero/lc0</ProjectURL>
    <InternalTags>SMP, OpenCL</InternalTags>
    <Maintainer>Michael Larabel</Maintainer>
  </TestProfile>
  <TestSettings>
    <Default>
      <Arguments>benchmark -b opencl</Arguments>
    </Default>
  </TestSettings>
</PhoronixTestSuite>
