<?xml version="1.0"?>
<!--Phoronix Test Suite v8.0.0m0-->
<PhoronixTestSuite>
  <TestInformation>
    <Title>GIMP</Title>
    <Description>GIMP is an open-source image manipulaton program. This test profile will use the system-provided GIMP program otherwise on Windows relys upon a pre-packaged Windows binary from upstream GIMP.org.</Description>
    <ResultScale>Seconds</ResultScale>
    <Proportion>LIB</Proportion>
    <TimesToRun>3</TimesToRun>
  </TestInformation>
  <TestProfile>
    <Version>1.0.1</Version>
    <SupportedPlatforms>Linux, BSD, MacOSX, Solaris, Windows</SupportedPlatforms>
    <SoftwareType>Benchmark</SoftwareType>
    <TestType>System</TestType>
    <License>Free</License>
    <Status>Verified</Status>
    <EnvironmentSize>40</EnvironmentSize>
    <ProjectURL>https://www.gimp.org/</ProjectURL>
    <Maintainer>Michael Larabel</Maintainer>
    <SystemDependencies>gimp</SystemDependencies>
  </TestProfile>
  <TestSettings>
    <Option>
      <DisplayName>Test</DisplayName>
      <Identifier>test</Identifier>
      <ArgumentPrefix></ArgumentPrefix>
      <ArgumentPostfix></ArgumentPostfix>
      <DefaultEntry>0</DefaultEntry>
      <Menu>
        <Entry>
          <Name>unsharp-mask</Name>
          <Value>unsharp-mask</Value>
          <Message></Message>
        </Entry>
        <Entry>
          <Name>resize</Name>
          <Value>resize</Value>
          <Message></Message>
        </Entry>
        <Entry>
          <Name>auto-levels</Name>
          <Value>auto-levels</Value>
          <Message></Message>
        </Entry>
      </Menu>
    </Option>
  </TestSettings>
</PhoronixTestSuite>
