<?xml version="1.0"?>
<!--Phoronix Test Suite v8.2.0m2-->
<PhoronixTestSuite>
  <TestInformation>
    <Title>Aircrack-ng</Title>
    <AppVersion>1.3</AppVersion>
    <Description>Aircrack-ng is a tool for assessing WiFi/WLAN network security.</Description>
    <ResultScale>k/s</ResultScale>
    <Proportion>HIB</Proportion>
    <TimesToRun>3</TimesToRun>
  </TestInformation>
  <TestProfile>
    <Version>1.0.0</Version>
    <SupportedPlatforms>Linux, BSD, Windows</SupportedPlatforms>
    <SoftwareType>Utility</SoftwareType>
    <TestType>Processor</TestType>
    <License>Free</License>
    <Status>Verified</Status>
    <ExternalDependencies>build-utilities, openssl-development</ExternalDependencies>
    <EnvironmentSize>25</EnvironmentSize>
    <ProjectURL>http://www.aircrack-ng.org/</ProjectURL>
    <Maintainer>Michael Larabel</Maintainer>
  </TestProfile>
  <TestSettings>
    <Default>
      <Arguments>-p 64 -S -Z 30</Arguments>
    </Default>
    <Option>
      <DisplayName>SIMD</DisplayName>
      <Identifier>simd</Identifier>
      <ArgumentPrefix>--simd=</ArgumentPrefix>
      <Menu>
        <Entry>
          <Name>AVX512</Name>
          <Value>avx512</Value>
        </Entry>
        <Entry>
          <Name>AVX2</Name>
          <Value>AVX2</Value>
        </Entry>
        <Entry>
          <Name>AVX</Name>
          <Value>avx</Value>
        </Entry>
        <Entry>
          <Name>SSE2</Name>
          <Value>sse2</Value>
        </Entry>
        <Entry>
          <Name>ARM NEON</Name>
          <Value>neon</Value>
        </Entry>
        <Entry>
          <Name>POWER8</Name>
          <Value>power8</Value>
        </Entry>
        <Entry>
          <Name>Generic</Name>
          <Value>generic</Value>
        </Entry>
      </Menu>
    </Option>
  </TestSettings>
</PhoronixTestSuite>
