<?xml version="1.0"?>
<!--Phoronix Test Suite v7.6.0-->
<PhoronixTestSuite>
  <TestInformation>
    <Title>Geekbench 4</Title>
    <AppVersion>4.2.0</AppVersion>
    <Description>Geekbench 4 measures your system's power and tells you whether your computer is ready to roar. How strong is your mobile device or desktop computer? How will it perform when push comes to crunch? These are the questions that Geekbench can answer.</Description>
    <ResultScale>ID_PRUEBA</ResultScale>
    <SubTitle>https://browser.geekbench.com/v4/cpu/ID_PRUEBA</SubTitle>
    <TimesToRun>1</TimesToRun>
  </TestInformation>
  <TestProfile>
    <Version>1.0.2</Version>
    <SupportedPlatforms>Linux</SupportedPlatforms>
    <SoftwareType>Utility</SoftwareType>
    <TestType>Processor</TestType>
    <License>Free</License>
    <Status>Verified</Status>
    <EnvironmentSize>0.1</EnvironmentSize>
    <Maintainer>Fabi&#xE1;n Frommel</Maintainer>
  </TestProfile>
</PhoronixTestSuite>
