<?xml version="1.0"?>
<!--Phoronix Test Suite v10.8.5-->
<PhoronixTestSuite>
  <TestInformation>
    <Title>GPUScore: Breaking Limit</Title>
    <AppVersion>1.0</AppVersion>
    <Description>This is a benchmark of Basemark's GPUScore: Breaking Limit cross-platform Vulkan ray-tracing benchmark. For this test profile to work, you must have a valid license/copy of the corporate version of Breaking Limit in your Phoronix Test Suite download cache. This test profile simply automates the execution of Breaking Limit and you must already have acquired the the Windows .zip or Linux .tar.gz in the download cache of the Breaking Limit benchmark.</Description>
    <ResultScale>FPS</ResultScale>
    <Proportion>HIB</Proportion>
    <TimesToRun>3</TimesToRun>
    <PreInstallMessage>This test will only work if you have a valid copy of the Breaking Limit corporate benchmark program on your system. The free version of the Breaking Limit benchmark will not work as it doesn't support command line controls.</PreInstallMessage>
  </TestInformation>
  <TestProfile>
    <Version>1.0.1</Version>
    <SupportedPlatforms>Linux, Windows</SupportedPlatforms>
    <SoftwareType>Utility</SoftwareType>
    <TestType>Graphics</TestType>
    <License>Retail</License>
    <Status>Verified</Status>
    <RequiresDisplay>TRUE</RequiresDisplay>
    <EnvironmentSize>3100</EnvironmentSize>
    <ProjectURL>https://www.gpuscore.com/benchmarks/gpuscore/breaking-limit/</ProjectURL>
    <Maintainer>Michael Larabel</Maintainer>
  </TestProfile>
  <TestSettings>
    <Option>
      <DisplayName>Resolution</DisplayName>
      <Identifier>auto-resolution</Identifier>
      <Menu>
        <Entry>
          <Name>$VIDEO_WIDTH x $VIDEO_HEIGHT</Name>
          <Value> WindowResolution $VIDEO_WIDTHx$VIDEO_HEIGHT RenderResolution $VIDEO_WIDTHx$VIDEO_HEIGHT</Value>
        </Entry>
      </Menu>
    </Option>
    <Option>
      <DisplayName>Ray-Tracing</DisplayName>
      <Identifier>rt</Identifier>
      <Menu>
        <Entry>
          <Name>On</Name>
          <Value>DisableRaytracing false</Value>
        </Entry>
        <Entry>
          <Name>Off</Name>
          <Value>DisableRaytracing true</Value>
        </Entry>
      </Menu>
    </Option>
  </TestSettings>
</PhoronixTestSuite>
