<?xml version="1.0"?>
<!--Phoronix Test Suite v10.8.5-->
<PhoronixTestSuite>
  <TestInformation>
    <Title>BYTE Unix Benchmark</Title>
    <AppVersion>5.1.3-git</AppVersion>
    <Description>This is a test of the BYTE Unix Benchmark.</Description>
    <ResultScale>LPS</ResultScale>
    <Proportion>HIB</Proportion>
    <TimesToRun>3</TimesToRun>
  </TestInformation>
  <TestProfile>
    <Version>1.3.0</Version>
    <SupportedPlatforms>Linux, Solaris, MacOSX, BSD</SupportedPlatforms>
    <SoftwareType>Utility</SoftwareType>
    <TestType>Processor</TestType>
    <License>Free</License>
    <Status>Verified</Status>
    <ExternalDependencies>build-utilities</ExternalDependencies>
    <EnvironmentSize>1.0</EnvironmentSize>
    <RepositoryURL>https://github.com/kdlucas/byte-unixbench</RepositoryURL>
    <Maintainer>Michael Larabel</Maintainer>
  </TestProfile>
  <TestSettings>
    <Option>
      <DisplayName>Computational Test</DisplayName>
      <Identifier>compute-test</Identifier>
      <Menu>
        <Entry>
          <Name>Dhrystone 2</Name>
          <Value>dhry2reg</Value>
        </Entry>
        <Entry>
          <Name>Whetstone Double</Name>
          <Value>whetstone-double</Value>
        </Entry>
        <Entry>
          <Name>System Call</Name>
          <Value>syscall</Value>
        </Entry>
        <Entry>
          <Name>Pipe</Name>
          <Value>pipe</Value>
        </Entry>
      </Menu>
    </Option>
  </TestSettings>
</PhoronixTestSuite>
