<?xml version="1.0"?>
<!--Phoronix Test Suite v4.2.0m0 (Randaberg)-->
<PhoronixTestSuite>
  <TestInformation>
    <Title>Open Porous Media</Title>
    <AppVersion>2012-07-25</AppVersion>
    <Description>This is a test of a DUNE (Distributed and Unified Numerics Environment) module called OPM Benchmarks from the Open Porous Media project. Open Porous Media is a set of open-source tools concerning simulation of flow and transport of fluids in porous media.</Description>
    <ResultScale>Seconds</ResultScale>
    <Proportion>LIB</Proportion>
    <TimesToRun>1</TimesToRun>
  </TestInformation>
  <TestProfile>
    <Version>1.0.0</Version>
    <SupportedPlatforms>Linux</SupportedPlatforms>
    <SoftwareType>Utility</SoftwareType>
    <TestType>Processor</TestType>
    <License>Free</License>
    <Status>Verified</Status>
    <ExternalDependencies>build-utilities, subversion, git, libtool, openmpi-development, fortran-compiler, blas-development, lapack-development, boost-development, superlu</ExternalDependencies>
    <EnvironmentSize>1600</EnvironmentSize>
    <ProjectURL>http://www.opm-project.org/</ProjectURL>
    <InternalTags>SMP</InternalTags>
    <Maintainer>Statoil</Maintainer>
  </TestProfile>
  <TestSettings>
    <Option>
      <DisplayName>OPM Benchmark</DisplayName>
      <Identifier>opm-benchmark</Identifier>
      <ArgumentPrefix>./opm-benchmarks/benchmarks/</ArgumentPrefix>
      <Menu>
        <Entry>
          <Name>Upscale-Relperm</Name>
          <Value>upscale_relperm_benchmark</Value>
        </Entry>
      </Menu>
    </Option>
  </TestSettings>
</PhoronixTestSuite>
