<?xml version="1.0"?>
<!--Phoronix Test Suite v10.8.5-->
<PhoronixTestSuite>
  <TestInformation>
    <Title>Timed Eigen Compilation</Title>
    <AppVersion>3.4.0</AppVersion>
    <Description>This test times how long it takes to build all Eigen examples using the CMake build system for the doc target. Eigen is a C++ template library for linear algebra.</Description>
    <ResultScale>Seconds</ResultScale>
    <Proportion>LIB</Proportion>
    <SubTitle>Time To Compile</SubTitle>
    <TimesToRun>3</TimesToRun>
  </TestInformation>
  <TestProfile>
    <Version>1.2.0</Version>
    <SupportedPlatforms>Linux, MacOSX, BSD</SupportedPlatforms>
    <SoftwareType>Utility</SoftwareType>
    <TestType>Processor</TestType>
    <License>Free</License>
    <ExternalDependencies>build-utilities, cmake</ExternalDependencies>
    <EnvironmentSize>15</EnvironmentSize>
    <ProjectURL>http://eigen.tuxfamily.org/index.php?title=Main_Page</ProjectURL>
    <RepositoryURL>https://gitlab.com/libeigen/eigen</RepositoryURL>
    <Maintainer>Michael Larabel</Maintainer>
    <SystemDependencies>doxygen</SystemDependencies>
  </TestProfile>
</PhoronixTestSuite>
