<?xml version="1.0"?>
<!--Phoronix Test Suite v10.8.5-->
<PhoronixTestSuite>
  <TestInformation>
    <Title>GraphicsMagick</Title>
    <Description>This is a test of GraphicsMagick with its OpenMP implementation that performs various imaging tests on a sample high resolution (currently 15400 x 6940) JPEG image. This system/graphics-magick test profile relies on the OS provided GraphicsMagick (gm) package as opposed to the existing pts/graphics-magick test profile that builds the same version of GraphicsMagick from the upstream source code.</Description>
    <ResultScale>Iterations Per Minute</ResultScale>
    <Proportion>HIB</Proportion>
    <TimesToRun>3</TimesToRun>
  </TestInformation>
  <TestProfile>
    <Version>1.0.0</Version>
    <SupportedPlatforms>Linux, Solaris, BSD, MacOSX</SupportedPlatforms>
    <SoftwareType>Utility</SoftwareType>
    <TestType>Processor</TestType>
    <License>Free</License>
    <Status>Verified</Status>
    <EnvironmentSize>20</EnvironmentSize>
    <ProjectURL>https://www.graphicsmagick.org/</ProjectURL>
    <InternalTags>SMP, OpenMP</InternalTags>
    <Maintainer>Michael Larabel</Maintainer>
    <SystemDependencies>gm</SystemDependencies>
  </TestProfile>
  <TestSettings>
    <Option>
      <DisplayName>Operation</DisplayName>
      <Identifier>operation</Identifier>
      <Menu>
        <Entry>
          <Name>HWB Color Space</Name>
          <Value>-colorspace HWB</Value>
        </Entry>
        <Entry>
          <Name>Noise-Gaussian</Name>
          <Value>-operator all Noise-Gaussian 30%</Value>
        </Entry>
        <Entry>
          <Name>Enhanced</Name>
          <Value>-enhance</Value>
        </Entry>
        <Entry>
          <Name>Resizing</Name>
          <Value>-resize 50%</Value>
        </Entry>
        <Entry>
          <Name>Rotate</Name>
          <Value>-rotate 90</Value>
        </Entry>
        <Entry>
          <Name>Sharpen</Name>
          <Value>-sharpen 0x2.0</Value>
        </Entry>
        <Entry>
          <Name>Swirl</Name>
          <Value>-swirl 90</Value>
        </Entry>
      </Menu>
    </Option>
  </TestSettings>
</PhoronixTestSuite>
