<?xml version="1.0"?>
<!--Phoronix Test Suite v6.2.0m0-->
<PhoronixTestSuite>
  <TestProfile>
    <Version>1.0.0</Version>
    <SupportedPlatforms>Linux</SupportedPlatforms>
    <Extends>pts/openssl</Extends>
    <RequiresCoreVersionMin>6100</RequiresCoreVersionMin>
    <Maintainer>Michael Larabel</Maintainer>
    <SystemDependencies>openssl</SystemDependencies>
  </TestProfile>
</PhoronixTestSuite>
