<?xml version="1.0"?>
<!--Phoronix Test Suite v8.8.1-->
<PhoronixTestSuite>
  <TestInformation>
    <Title>PassMark PerformanceTEST</Title>
    <Description>This is a benchmark of PassMark PerformanceTEST. The test profile automates the execution of PassMark PerformanceTEST under the Phoronix Test Suite, assuming you have a valid license. This test will not work without a valid license key for PassMark software.</Description>
    <ResultScale>Score</ResultScale>
    <Proportion>HIB</Proportion>
    <TimesToRun>3</TimesToRun>
    <PreInstallMessage>You must manually activate PassMark PerformanceTEST with your account before this benchmark will work.</PreInstallMessage>
  </TestInformation>
  <TestProfile>
    <Version>1.0.0</Version>
    <SupportedPlatforms>Windows</SupportedPlatforms>
    <SoftwareType>Utility</SoftwareType>
    <TestType>System</TestType>
    <License>Retail</License>
    <Status>Verified</Status>
    <SupportedArchitectures>x86_64</SupportedArchitectures>
    <EnvironmentSize>228</EnvironmentSize>
    <ProjectURL>https://www.passmark.com/products/performancetest/</ProjectURL>
    <Maintainer>Michael Larabel</Maintainer>
  </TestProfile>
  <TestSettings>
    <Default>
      <Arguments> </Arguments>
    </Default>
    <Option>
      <DisplayName>Test</DisplayName>
      <Identifier>test</Identifier>
      <Menu>
        <Entry>
          <Name>CPU</Name>
          <Value>CPU_ALL</Value>
        </Entry>
        <Entry>
          <Name>Memory</Name>
          <Value>ME_ALL</Value>
        </Entry>
        <Entry>
          <Name>2D Graphics</Name>
          <Value>G2D_ALL</Value>
        </Entry>
        <Entry>
          <Name>3D Graphics</Name>
          <Value>G3D_ALL</Value>
        </Entry>
        <Entry>
          <Name>Disk</Name>
          <Value>DI_ALL</Value>
        </Entry>
      </Menu>
    </Option>
  </TestSettings>
</PhoronixTestSuite>
