<?xml version="1.0"?>
<!--Phoronix Test Suite v8.6.1-->
<PhoronixTestSuite>
  <TestInformation>
    <Title>AppTimer</Title>
    <Description>AppTimer allows automating the start-up time of various programs on Windows.</Description>
    <ResultScale>Seconds</ResultScale>
    <Proportion>LIB</Proportion>
    <TimesToRun>5</TimesToRun>
    <IgnoreRuns>1</IgnoreRuns>
  </TestInformation>
  <TestProfile>
    <Version>1.0.1</Version>
    <SupportedPlatforms>Windows</SupportedPlatforms>
    <SoftwareType>Benchmark</SoftwareType>
    <TestType>System</TestType>
    <License>Free</License>
    <Status>Verified</Status>
    <EnvironmentSize>801</EnvironmentSize>
    <ProjectURL>https://www.passmark.com/products/apptimer.htm</ProjectURL>
    <Maintainer>Michael Larabel</Maintainer>
  </TestProfile>
  <TestSettings>
    <Option>
      <DisplayName>Time To Launch</DisplayName>
      <Identifier>launch</Identifier>
      <Menu>
        <Entry>
          <Name>File Explorer</Name>
          <Value>C:\Windows\explorer.exe Explorer</Value>
        </Entry>
        <Entry>
          <Name>Blender 2.79</Name>
          <Value>blender-2.79a-windows64\blender.exe Blender</Value>
        </Entry>
        <Entry>
          <Name>LibreOffice</Name>
          <Value>"C:\Program Files\LibreOffice\program\soffice.exe" LibreOffice</Value>
        </Entry>
        <Entry>
          <Name>VLC Media Player</Name>
          <Value>"C:\Program Files\VideoLAN\VLC\vlc.exe" player</Value>
        </Entry>
      </Menu>
    </Option>
  </TestSettings>
</PhoronixTestSuite>
