<?xml version="1.0"?>
<!--Phoronix Test Suite v6.4.0-->
<PhoronixTestSuite>
  <TestInformation>
    <Title>Systemd Total Boot Time</Title>
    <Description>This test uses systemd-analyze to report the entire boot time.</Description>
    <ResultScale>s</ResultScale>
    <Proportion>LIB</Proportion>
    <TimesToRun>1</TimesToRun>
  </TestInformation>
  <TestProfile>
    <Version>1.0.2</Version>
    <SupportedPlatforms>Linux</SupportedPlatforms>
    <SoftwareType>Utility</SoftwareType>
    <TestType>Processor</TestType>
    <Maintainer>Jim Kukunas</Maintainer>
  </TestProfile>
</PhoronixTestSuite>
