<?xml version="1.0"?>
<!--Phoronix Test Suite v10.8.5-->
<PhoronixTestSuite>
  <TestInformation>
    <Title>Valkey</Title>
    <AppVersion>8.0</AppVersion>
    <Description>Valkey is an open-source, in-memory data store forked from the former open-source Redis code. Valkey can be used for caching, message queues, and other database purposes. This Valkey test profile makes use of valkey-benchmark for local node testing.</Description>
    <TimesToRun>3</TimesToRun>
  </TestInformation>
  <TestProfile>
    <Version>1.0.0</Version>
    <SupportedPlatforms>Linux</SupportedPlatforms>
    <SoftwareType>Application</SoftwareType>
    <TestType>System</TestType>
    <License>Free</License>
    <Status>Verified</Status>
    <ExternalDependencies>build-utilities</ExternalDependencies>
    <EnvironmentSize>88</EnvironmentSize>
    <ProjectURL>https://valkey.io/</ProjectURL>
    <RepositoryURL>https://github.com/valkey-io/valkey</RepositoryURL>
    <Maintainer>Michael Larabel</Maintainer>
  </TestProfile>
  <TestSettings>
    <Default>
      <Arguments>-n 50000000 -r 3000000 -P 1024 -q -d 512 --csv</Arguments>
    </Default>
    <Option>
      <DisplayName>Test</DisplayName>
      <Identifier>test</Identifier>
      <ArgumentPrefix>-t </ArgumentPrefix>
      <Menu>
        <Entry>
          <Name>SET</Name>
          <Value>set</Value>
        </Entry>
        <Entry>
          <Name>GET</Name>
          <Value>get</Value>
        </Entry>
        <Entry>
          <Name>LPOP</Name>
          <Value>lpop</Value>
        </Entry>
        <Entry>
          <Name>SADD</Name>
          <Value>sadd</Value>
        </Entry>
        <Entry>
          <Name>SPOP</Name>
          <Value>spop</Value>
        </Entry>
        <Entry>
          <Name>HSET</Name>
          <Value>hset</Value>
        </Entry>
        <Entry>
          <Name>INCR</Name>
          <Value>incr</Value>
        </Entry>
      </Menu>
    </Option>
    <Option>
      <DisplayName>Parallel Connections</DisplayName>
      <Identifier>connections</Identifier>
      <ArgumentPrefix>-c </ArgumentPrefix>
      <Menu>
        <Entry>
          <Name>50</Name>
          <Value>50</Value>
        </Entry>
        <Entry>
          <Name>500</Name>
          <Value>500</Value>
        </Entry>
        <Entry>
          <Name>800</Name>
          <Value>800</Value>
        </Entry>
        <Entry>
          <Name>1000</Name>
          <Value>1000</Value>
        </Entry>
      </Menu>
    </Option>
  </TestSettings>
</PhoronixTestSuite>
