<?xml version="1.0"?>
<!--Phoronix Test Suite v3.0.0a3 (Iveland) [ http://www.phoronix-test-suite.com/ ]-->
<PhoronixTestSuite>
  <TestInformation>
    <Title>Tachyon</Title>
    <AppVersion>0.98.7</AppVersion>
    <Description>This is a test of the threaded Tachyon, a parallel ray-tracing system.</Description>
    <ResultScale>Seconds</ResultScale>
    <Proportion>LIB</Proportion>
    <SubTitle>Total Time</SubTitle>
    <Executable>tachyon-benchmark</Executable>
    <TimesToRun>3</TimesToRun>
  </TestInformation>
  <TestProfile>
    <Version>1.0.0</Version>
    <SupportedPlatforms>Linux, MacOSX, Solaris</SupportedPlatforms>
    <SoftwareType>Utility</SoftwareType>
    <TestType>Processor</TestType>
    <License>Free</License>
    <Status>Verified</Status>
    <ExternalDependencies>build-utilities, glibc-development</ExternalDependencies>
    <EnvironmentSize>28.0</EnvironmentSize>
    <ProjectURL>http://jedi.ks.uiuc.edu/~johns/raytracer/</ProjectURL>
    <Maintainer>Michael Larabel</Maintainer>
  </TestProfile>
</PhoronixTestSuite>
