<?xml version="1.0"?>
<!--Phoronix Test Suite v7.8.0m3-->
<PhoronixTestSuite>
  <TestInformation>
    <Title>AOBench</Title>
    <Description>AOBench is a lightweight ambient occlusion renderer, written in C. The test profile is using a size of 2048 x 2048.</Description>
    <ResultScale>Seconds</ResultScale>
    <Proportion>LIB</Proportion>
    <SubTitle>Size: 2048 x 2048 - Total Time</SubTitle>
    <TimesToRun>3</TimesToRun>
  </TestInformation>
  <TestProfile>
    <Version>1.0.0</Version>
    <SupportedPlatforms>Linux, Solaris, MacOSX, BSD</SupportedPlatforms>
    <SoftwareType>Utility</SoftwareType>
    <TestType>Processor</TestType>
    <License>Free</License>
    <Status>Verified</Status>
    <ExternalDependencies>build-utilities</ExternalDependencies>
    <EnvironmentSize>1</EnvironmentSize>
    <ProjectURL>https://code.google.com/archive/p/aobench/</ProjectURL>
    <Maintainer>Michael Larabel</Maintainer>
  </TestProfile>
</PhoronixTestSuite>
