<?xml version="1.0"?>
<!--Phoronix Test Suite v6.2.0m2-->
<PhoronixTestSuite>
  <TestInformation>
    <Title>R Benchmark</Title>
    <Description>This test is a quick-running survey of general R performance</Description>
    <ResultScale>Seconds</ResultScale>
    <Proportion>LIB</Proportion>
    <TimesToRun>3</TimesToRun>
  </TestInformation>
  <TestProfile>
    <Version>1.0.1</Version>
    <SupportedPlatforms>Linux, BSD</SupportedPlatforms>
    <SoftwareType>Utility</SoftwareType>
    <TestType>Processor</TestType>
    <License>Free</License>
    <Status>Verified</Status>
    <EnvironmentSize>12.4</EnvironmentSize>
    <ProjectURL>http://clearlinux.org/</ProjectURL>
    <Maintainer>Mario Carrillo</Maintainer>
    <SystemDependencies>Rscript</SystemDependencies>
  </TestProfile>
</PhoronixTestSuite>
