<?xml version="1.0"?>
<!--Phoronix Test Suite v5.6.0m0 (Dedilovo)-->
<PhoronixTestSuite>
  <TestInformation>
    <Title>Elemental Demo</Title>
    <Description>A demo of Unreal Engine 4.</Description>
    <ResultScale>Frames Per Second</ResultScale>
    <Proportion>HIB</Proportion>
    <TimesToRun>3</TimesToRun>
  </TestInformation>
  <TestProfile>
    <Version>1.0.0</Version>
    <SupportedPlatforms>Linux</SupportedPlatforms>
    <SoftwareType>Game</SoftwareType>
    <TestType>Graphics</TestType>
    <License>Free</License>
    <Status>Verified</Status>
    <SupportedArchitectures>x86_64</SupportedArchitectures>
    <Extends>pts/libframetime</Extends>
    <EnvironmentSize>2900</EnvironmentSize>
    <ProjectURL>http://wiki.unrealengine.com/Linux_Demos</ProjectURL>
    <RequiresCoreVersionMin>5500</RequiresCoreVersionMin>
    <Maintainer>Michael Larabel</Maintainer>
  </TestProfile>
</PhoronixTestSuite>
