<?xml version="1.0"?>
<!--Phoronix Test Suite v10.8.5-->
<PhoronixTestSuite>
  <TestInformation>
    <Title>7-Zip Compression</Title>
    <Description>This is a test of 7-Zip compression/decompression with its integrated benchmark feature. This system/compress-7zip test profile relies on the OS provided 7z package as opposed to the existing pts/compress-7zip test profile that builds the same version of 7-Zip from the upstream source code.</Description>
    <ResultScale>MIPS</ResultScale>
    <Proportion>HIB</Proportion>
    <TimesToRun>3</TimesToRun>
  </TestInformation>
  <TestProfile>
    <Version>1.0.0</Version>
    <SupportedPlatforms>Linux, BSD, Solaris, MacOSX</SupportedPlatforms>
    <SoftwareType>Utility</SoftwareType>
    <TestType>Processor</TestType>
    <License>Free</License>
    <Status>Verified</Status>
    <ExternalDependencies>build-utilities, p7zip</ExternalDependencies>
    <EnvironmentSize>1</EnvironmentSize>
    <ProjectURL>https://www.7-zip.org/</ProjectURL>
    <InternalTags>SMP</InternalTags>
    <Maintainer>Michael Larabel</Maintainer>
    <SystemDependencies>7z</SystemDependencies>
  </TestProfile>
</PhoronixTestSuite>
