<?xml version="1.0"?>
<!--Phoronix Test Suite v8.0.0m0-->
<PhoronixTestSuite>
  <TestInformation>
    <Title>GraphicsMagick</Title>
    <AppVersion>1.3.28</AppVersion>
    <Description>This is a test of GraphicsMagick with its OpenMP implementation that performs various imaging tests to stress the system's CPU.</Description>
    <ResultScale>Iterations Per Minute</ResultScale>
    <Proportion>HIB</Proportion>
    <TimesToRun>3</TimesToRun>
  </TestInformation>
  <TestProfile>
    <Version>1.7.0</Version>
    <SupportedPlatforms>Linux, Solaris, BSD, MacOSX, Windows</SupportedPlatforms>
    <SoftwareType>Utility</SoftwareType>
    <TestType>Processor</TestType>
    <License>Free</License>
    <Status>Verified</Status>
    <ExternalDependencies>build-utilities, zlib-development</ExternalDependencies>
    <Extends>pts/photo-sample</Extends>
    <EnvironmentSize>22</EnvironmentSize>
    <ProjectURL>http://www.graphicsmagick.org/</ProjectURL>
    <InternalTags>SMP</InternalTags>
    <Maintainer>Michael Larabel</Maintainer>
  </TestProfile>
  <TestSettings>
    <Option>
      <DisplayName>Operation</DisplayName>
      <Identifier>operation</Identifier>
      <ArgumentPrefix></ArgumentPrefix>
      <ArgumentPostfix></ArgumentPostfix>
      <DefaultEntry>0</DefaultEntry>
      <Menu>
        <Entry>
          <Name>HWB Color Space</Name>
          <Value>-colorspace HWB</Value>
          <Message></Message>
        </Entry>
        <Entry>
          <Name>Blur</Name>
          <Value>-blur 0x1.0</Value>
          <Message></Message>
        </Entry>
        <Entry>
          <Name>Local Adaptive Thresholding</Name>
          <Value>-lat 10x10-5%</Value>
          <Message></Message>
        </Entry>
        <Entry>
          <Name>Resizing</Name>
          <Value>-resize 50%</Value>
          <Message></Message>
        </Entry>
        <Entry>
          <Name>Sharpen</Name>
          <Value>-sharpen 0x1.0</Value>
          <Message></Message>
        </Entry>
      </Menu>
    </Option>
  </TestSettings>
</PhoronixTestSuite>
