<?xml version="1.0"?>
<!--Phoronix Test Suite v10.8.5-->
<PhoronixTestSuite>
  <TestInformation>
    <Title>WarpX</Title>
    <AppVersion>24.10</AppVersion>
    <Description>WarpX is an advanced, time-based 1D/2D/3D/RZ electromagnetic and electrostatic Particle-In-Cell code. This WarpX test profile makes use of various WarpX example inputs for testing the CPU performance.</Description>
    <ResultScale>Seconds</ResultScale>
    <Proportion>LIB</Proportion>
    <TimesToRun>3</TimesToRun>
  </TestInformation>
  <TestProfile>
    <Version>1.0.0</Version>
    <SupportedPlatforms>Linux</SupportedPlatforms>
    <SoftwareType>Scientific</SoftwareType>
    <TestType>Processor</TestType>
    <License>Free</License>
    <Status>Verified</Status>
    <ExternalDependencies>cmake, openmpi-development, build-utilities</ExternalDependencies>
    <EnvironmentSize>433</EnvironmentSize>
    <ProjectURL>https://ecp-warpx.github.io/</ProjectURL>
    <RepositoryURL>https://github.com/ECP-WarpX/WarpX</RepositoryURL>
    <Maintainer>Michael Larabel</Maintainer>
  </TestProfile>
  <TestSettings>
    <Option>
      <DisplayName>Input</DisplayName>
      <Identifier>input</Identifier>
      <Menu>
        <Entry>
          <Name>Plasma Acceleration</Name>
          <Value>plasma_acceleration inputs_test_3d_plasma_acceleration_boosted_hybrid 350</Value>
        </Entry>
        <Entry>
          <Name>Uniform Plasma</Name>
          <Value>uniform_plasma inputs_test_3d_uniform_plasma 2500</Value>
        </Entry>
      </Menu>
    </Option>
  </TestSettings>
</PhoronixTestSuite>
