<?xml version="1.0"?>
<!--Phoronix Test Suite v10.8.5-->
<PhoronixTestSuite>
  <TestInformation>
    <Title>Stockfish</Title>
    <Description>This is a test of Stockfish, an advanced open-source chess benchmark that can scale up to 1024 CPU threads. This system/stockfish test profile relies on the OS provided Stockfish (stockfish) package as opposed to the existing pts/stockfish test profile that builds the same version from the upstream source code.</Description>
    <ResultScale>Nodes Per Second</ResultScale>
    <Proportion>HIB</Proportion>
    <SubTitle>Chess Benchmark</SubTitle>
    <TimesToRun>3</TimesToRun>
  </TestInformation>
  <TestProfile>
    <Version>1.0.0</Version>
    <SupportedPlatforms>Linux, Solaris, MacOSX, BSD</SupportedPlatforms>
    <SoftwareType>Utility</SoftwareType>
    <TestType>Processor</TestType>
    <License>Free</License>
    <Status>Verified</Status>
    <EnvironmentSize>12</EnvironmentSize>
    <ProjectURL>https://stockfishchess.org/</ProjectURL>
    <RepositoryURL>https://github.com/official-stockfish/Stockfish</RepositoryURL>
    <InternalTags>SMP</InternalTags>
    <Maintainer>Michael Larabel</Maintainer>
    <SystemDependencies>stockfish</SystemDependencies>
  </TestProfile>
</PhoronixTestSuite>
