<?xml version="1.0"?>
<!--Phoronix Test Suite v10.2.0-->
<PhoronixTestSuite>
  <TestInformation>
    <Title>OpenFOAM</Title>
    <AppVersion>8</AppVersion>
    <Description>OpenFOAM is the leading free, open source software for computational fluid dynamics (CFD).</Description>
    <ResultScale>Seconds</ResultScale>
    <Proportion>LIB</Proportion>
    <TimesToRun>3</TimesToRun>
  </TestInformation>
  <TestProfile>
    <Version>1.0.0</Version>
    <SupportedPlatforms>Linux</SupportedPlatforms>
    <SoftwareType>Scientific</SoftwareType>
    <TestType>Processor</TestType>
    <License>Free</License>
    <Status>Verified</Status>
    <ExternalDependencies>openmpi-development, boost-development, zlib-development, fftw3-development, build-utilities, flex, bison, ncurses-development</ExternalDependencies>
    <EnvironmentSize>2555</EnvironmentSize>
    <ProjectURL>https://openfoam.org/</ProjectURL>
    <Maintainer>Michael Larabel</Maintainer>
    <SystemDependencies>scotch/scotch.h, scotch/ptscotch.h</SystemDependencies>
  </TestProfile>
  <TestSettings>
    <Option>
      <DisplayName>Input</DisplayName>
      <Identifier>input</Identifier>
      <Menu>
        <Entry>
          <Name>Motorbike 30M</Name>
          <Value>Motorbike 150 60 60</Value>
        </Entry>
      </Menu>
    </Option>
  </TestSettings>
</PhoronixTestSuite>
