<?xml version="1.0"?>
<!--Phoronix Test Suite v4.8.0m0 (Sokndal)-->
<PhoronixTestSuite>
  <TestInformation>
    <Title>FLAC Audio Encoding</Title>
    <AppVersion>1.3.0</AppVersion>
    <Description>This test times how long it takes to encode a sample WAV file to FLAC format.</Description>
    <SubTitle>WAV To FLAC</SubTitle>
  </TestInformation>
  <TestProfile>
    <Version>1.3.0</Version>
    <SupportedPlatforms>Linux, MacOSX, BSD, Solaris</SupportedPlatforms>
    <SoftwareType>Utility</SoftwareType>
    <Extends>pts/timed-audio-encode</Extends>
    <ProjectURL>http://flac.sourceforge.net/</ProjectURL>
    <Maintainer>Michael Larabel</Maintainer>
  </TestProfile>
</PhoronixTestSuite>
