<?xml version="1.0"?>
<!--Phoronix Test Suite v4.8.5 (Sokndal)-->
<PhoronixTestSuite>
  <TestInformation>
    <AppVersion>1.1</AppVersion>
    <ResultScale>Seconds</ResultScale>
    <TimesToRun>3</TimesToRun>
  </TestInformation>
  <TestProfile>
    <Version>1.2.0</Version>
    <SupportedPlatforms>Linux, Solaris, BSD, MacOSX</SupportedPlatforms>
    <SoftwareType>BaseTestProfile</SoftwareType>
    <TestType>Graphics</TestType>
    <License>Free</License>
    <Status>Verified</Status>
    <ExternalDependencies>build-utilities, xorg-development, xorg-video, zlib-development</ExternalDependencies>
    <Extends>pts/video-sample</Extends>
    <EnvironmentSize>30.0</EnvironmentSize>
    <ProjectURL>http://www.mplayerhq.hu/</ProjectURL>
    <Maintainer>Michael Larabel</Maintainer>
  </TestProfile>
</PhoronixTestSuite>
